<?xml version="1.0" encoding="UTF-8"?>
<!-- Generated by org.testng.reporters.JUnitReportReporter -->
<testsuite hostname="DESKTOP-PCG3QI7" name="RestAssured.RestAssured" tests="1" failures="0" timestamp="8 Aug 2018 15:27:27 GMT" time="4.450" errors="0">
  <testcase name="test" time="4.450" classname="RestAssured.RestAssured"/>
</testsuite> <!-- RestAssured.RestAssured -->
